<?xml version="1.0" encoding="UTF-8"?>
<!-- Generated by org.testng.reporters.JUnitXMLReporter -->
<testsuite hostname="UKCCOL0251WOK" ignored="2" name="Test" tests="2" failures="0" timestamp="24 Jan 2018 16:08:35 GMT" time="30.37" errors="0">
  <testcase name="Test1 on [External_Test passed=0 failed=0 skipped=0]" time="0.054" classname="Tests.External_Test"/>
  <testcase name="Test1 on [Internal_Test passed=0 failed=0 skipped=0]" time="0.033" classname="Tests.Internal_Test"/>
  <testcase name="@BeforeSuite setUp" time="0.0" classname="Helper.BrowserDriver">
    <ignored/>
  </testcase> <!-- @BeforeSuite setUp -->
  <testcase name="@AfterSuite tearDown" time="0.0" classname="Helper.BrowserDriver">
    <ignored/>
  </testcase> <!-- @AfterSuite tearDown -->
</testsuite> <!-- Test -->
